  Model.cpp
c:\users\daniele\documents\github\progettocg\spacemarinesurvival\spacemarinesurvival\model.h(94): warning C4305: 'inizializzazione': troncamento da 'double' a 'float'
c:\users\daniele\documents\github\progettocg\spacemarinesurvival\spacemarinesurvival\model.cpp(252): warning C4018: '<': errata corrispondenza tra signed e unsigned
c:\users\daniele\documents\github\progettocg\spacemarinesurvival\spacemarinesurvival\model.cpp(285): warning C4018: '<': errata corrispondenza tra signed e unsigned
c:\users\daniele\documents\github\progettocg\spacemarinesurvival\spacemarinesurvival\model.cpp(289): warning C4244: 'argomento': conversione da 'double' a 'GLfloat'. Possibile perdita di dati.
c:\users\daniele\documents\github\progettocg\spacemarinesurvival\spacemarinesurvival\model.cpp(292): warning C4244: 'argomento': conversione da 'double' a 'GLfloat'. Possibile perdita di dati.
c:\users\daniele\documents\github\progettocg\spacemarinesurvival\spacemarinesurvival\model.cpp(295): warning C4244: 'argomento': conversione da 'double' a 'GLfloat'. Possibile perdita di dati.
c:\users\daniele\documents\github\progettocg\spacemarinesurvival\spacemarinesurvival\model.cpp(298): warning C4244: 'argomento': conversione da 'double' a 'GLfloat'. Possibile perdita di dati.
c:\users\daniele\documents\github\progettocg\spacemarinesurvival\spacemarinesurvival\model.cpp(305): warning C4018: '>': errata corrispondenza tra signed e unsigned
c:\users\daniele\documents\github\progettocg\spacemarinesurvival\spacemarinesurvival\model.cpp(307): warning C4018: '<': errata corrispondenza tra signed e unsigned
c:\users\daniele\documents\github\progettocg\spacemarinesurvival\spacemarinesurvival\model.cpp(314): warning C4244: 'argomento': conversione da 'double' a 'GLfloat'. Possibile perdita di dati.
c:\users\daniele\documents\github\progettocg\spacemarinesurvival\spacemarinesurvival\model.cpp(317): warning C4244: 'argomento': conversione da 'double' a 'GLfloat'. Possibile perdita di dati.
c:\users\daniele\documents\github\progettocg\spacemarinesurvival\spacemarinesurvival\model.cpp(320): warning C4244: 'argomento': conversione da 'double' a 'GLfloat'. Possibile perdita di dati.
c:\users\daniele\documents\github\progettocg\spacemarinesurvival\spacemarinesurvival\model.cpp(323): warning C4244: 'argomento': conversione da 'double' a 'GLfloat'. Possibile perdita di dati.
c:\users\daniele\documents\github\progettocg\spacemarinesurvival\spacemarinesurvival\model.cpp(332): warning C4244: 'argomento': conversione da 'double' a 'GLfloat'. Possibile perdita di dati.
c:\users\daniele\documents\github\progettocg\spacemarinesurvival\spacemarinesurvival\model.cpp(335): warning C4244: 'argomento': conversione da 'double' a 'GLfloat'. Possibile perdita di dati.
c:\users\daniele\documents\github\progettocg\spacemarinesurvival\spacemarinesurvival\model.cpp(338): warning C4244: 'argomento': conversione da 'double' a 'GLfloat'. Possibile perdita di dati.
c:\users\daniele\documents\github\progettocg\spacemarinesurvival\spacemarinesurvival\model.cpp(341): warning C4244: 'argomento': conversione da 'double' a 'GLfloat'. Possibile perdita di dati.
c:\users\daniele\documents\github\progettocg\spacemarinesurvival\spacemarinesurvival\model.cpp(350): warning C4018: '<': errata corrispondenza tra signed e unsigned
c:\users\daniele\documents\github\progettocg\spacemarinesurvival\spacemarinesurvival\model.cpp(535): warning C4244: 'argomento': conversione da 'GLdouble' a 'float'. Possibile perdita di dati.
c:\users\daniele\documents\github\progettocg\spacemarinesurvival\spacemarinesurvival\model.cpp(544): warning C4101: 'r': variabile locale senza riferimenti
  SpaceMarineSurvival.vcxproj -> C:\Users\Daniele\Documents\GitHub\ProgettoCG\SpaceMarineSurvival\Debug\SpaceMarineSurvival.exe
  SpaceMarineSurvival.vcxproj -> C:\Users\Daniele\Documents\GitHub\ProgettoCG\SpaceMarineSurvival\Debug\SpaceMarineSurvival.pdb (Partial PDB)
